2025-01-05 14:49:07,127 - INFO - SELECT CAST(SERVERPROPERTY('ProductVersion') AS VARCHAR)
2025-01-05 14:49:07,130 - INFO - [raw sql] ()
2025-01-05 14:49:07,145 - INFO - SELECT schema_name()
2025-01-05 14:49:07,145 - INFO - [generated in 0.00070s] ()
2025-01-05 14:49:07,154 - INFO - SELECT CAST('test max support' AS NVARCHAR(max))
2025-01-05 14:49:07,155 - INFO - [generated in 0.00054s] ()
2025-01-05 14:49:07,165 - INFO - SELECT 1 FROM fn_listextendedproperty(default, default, default, default, default, default, default)
2025-01-05 14:49:07,166 - INFO - [generated in 0.00066s] ()
2025-01-05 14:49:07,430 - INFO - Started server process [1604]
2025-01-05 14:49:07,430 - INFO - Waiting for application startup.
2025-01-05 14:49:07,430 - INFO - Iniciando el Servicio
2025-01-05 14:49:07,430 - INFO - Modo Desarrollador activado [Para desabilitar el modo desarrollador cambie la variable 'DEBUG' en el archivo .env]
2025-01-05 14:49:07,430 - INFO - Comprobando conexion a Odoo
2025-01-05 14:49:07,430 - INFO - Autenticacion exitosa con el Sistema Odoo. ID de usuario: 2
2025-01-05 14:49:07,430 - INFO - Comprobando conexion a SQL_Server
2025-01-05 14:49:07,430 - INFO - Application startup complete.
2025-01-05 14:49:07,446 - INFO - Uvicorn running on http://0.0.0.0:8000 (Press CTRL+C to quit)
2025-01-05 14:50:46,943 - INFO - Shutting down
2025-01-05 14:50:47,058 - INFO - Waiting for application shutdown.
2025-01-05 14:50:47,059 - INFO - Finalizando el Servicio
2025-01-05 14:50:47,059 - INFO - Application shutdown complete.
2025-01-05 14:50:47,059 - INFO - Finished server process [1604]
2025-01-12 06:01:31,107 - ERROR - Error al conectar a la base de datos [Prueba] , Host: [localhost], Port: [1433], Usuario: [sa], Password: [*****]. Error : [(pyodbc.OperationalError) ('08001', '[08001] [Microsoft][ODBC Driver 17 for SQL Server]TCP Provider: No se puede establecer una conexión ya que el equipo de destino denegó expresamente dicha conexión.\r\n (10061) (SQLDriverConnect); [08001] [Microsoft][ODBC Driver 17 for SQL Server]Login timeout expired (0); [08001] [Microsoft][ODBC Driver 17 for SQL Server]Invalid connection string attribute (0); [08001] [Microsoft][ODBC Driver 17 for SQL Server]A network-related or instance-specific error has occurred while establishing a connection to SQL Server. Server is not found or not accessible. Check if instance name is correct and if SQL Server is configured to allow remote connections. For more information see SQL Server Books Online. (10061)')
(Background on this error at: https://sqlalche.me/e/20/e3q8)]
2025-01-12 06:01:31,292 - INFO - Started server process [15720]
2025-01-12 06:01:31,292 - INFO - Waiting for application startup.
2025-01-12 06:01:31,292 - INFO - Iniciando el Servicio
2025-01-12 06:01:31,292 - INFO - Modo Desarrollador activado [Para desabilitar el modo desarrollador cambie la variable 'DEBUG' en el archivo .env]
2025-01-12 06:01:31,292 - INFO - Comprobando conexion a Odoo
2025-01-12 06:01:31,292 - ERROR - Error de conexion con el sistema Odoo: [WinError 10061] No se puede establecer una conexión ya que el equipo de destino denegó expresamente dicha conexión
2025-01-12 06:01:31,292 - ERROR - Host_Odoo: [http://localhost:8069] - User_Odoo: [krlitosdev93@gmail.com] - Password_Odoo: [krlitos] - DB_Odoo: [prueba] 
2025-01-12 06:01:31,292 - INFO - Comprobando conexion a SQL_Server
2025-01-12 06:01:31,292 - INFO - Application startup complete.
2025-01-12 06:01:31,292 - INFO - Uvicorn running on http://0.0.0.0:8000 (Press CTRL+C to quit)
2025-01-12 06:02:21,731 - INFO - Shutting down
2025-01-12 06:02:21,841 - INFO - Waiting for application shutdown.
2025-01-12 06:02:21,841 - INFO - Finalizando el Servicio
2025-01-12 06:02:21,841 - INFO - Application shutdown complete.
2025-01-12 06:02:21,841 - INFO - Finished server process [15720]
2025-01-12 06:08:54,020 - ERROR - Error al conectar a la base de datos [Prueba] , Host: [localhost], Port: [1433], Usuario: [sa], Password: [*****]. Error : [(pyodbc.OperationalError) ('08001', '[08001] [Microsoft][ODBC Driver 17 for SQL Server]TCP Provider: No se puede establecer una conexión ya que el equipo de destino denegó expresamente dicha conexión.\r\n (10061) (SQLDriverConnect); [08001] [Microsoft][ODBC Driver 17 for SQL Server]Login timeout expired (0); [08001] [Microsoft][ODBC Driver 17 for SQL Server]Invalid connection string attribute (0); [08001] [Microsoft][ODBC Driver 17 for SQL Server]A network-related or instance-specific error has occurred while establishing a connection to SQL Server. Server is not found or not accessible. Check if instance name is correct and if SQL Server is configured to allow remote connections. For more information see SQL Server Books Online. (10061)')
(Background on this error at: https://sqlalche.me/e/20/e3q8)]
2025-01-12 06:08:54,220 - INFO - Started server process [16560]
2025-01-12 06:08:54,220 - INFO - Waiting for application startup.
2025-01-12 06:08:54,220 - INFO - Iniciando el Servicio
2025-01-12 06:08:54,220 - INFO - Modo Desarrollador activado [Para desabilitar el modo desarrollador cambie la variable 'DEBUG' en el archivo .env]
2025-01-12 06:08:54,220 - INFO - Comprobando conexion a Odoo
2025-01-12 06:08:54,220 - ERROR - Error de conexion con el sistema Odoo: [WinError 10061] No se puede establecer una conexión ya que el equipo de destino denegó expresamente dicha conexión
2025-01-12 06:08:54,220 - ERROR - Host_Odoo: [http://localhost:8069] - User_Odoo: [krlitosdev93@gmail.com] - Password_Odoo: [krlitos] - DB_Odoo: [prueba] 
2025-01-12 06:08:54,220 - INFO - Comprobando conexion a SQL_Server
2025-01-12 06:08:54,220 - INFO - Application startup complete.
2025-01-12 06:08:54,220 - INFO - Uvicorn running on http://0.0.0.0:8000 (Press CTRL+C to quit)
2025-01-12 06:13:42,184 - INFO - Shutting down
2025-01-12 06:13:42,288 - INFO - Waiting for application shutdown.
2025-01-12 06:13:42,289 - INFO - Finalizando el Servicio
2025-01-12 06:13:42,289 - INFO - Application shutdown complete.
2025-01-12 06:13:42,289 - INFO - Finished server process [16560]
2025-01-12 06:14:15,515 - ERROR - Error al conectar a la base de datos [Prueba] , Host: [localhost], Port: [1433], Usuario: [sa], Password: [*****]. Error : [(pyodbc.OperationalError) ('08001', '[08001] [Microsoft][ODBC Driver 17 for SQL Server]TCP Provider: No se puede establecer una conexión ya que el equipo de destino denegó expresamente dicha conexión.\r\n (10061) (SQLDriverConnect); [08001] [Microsoft][ODBC Driver 17 for SQL Server]Login timeout expired (0); [08001] [Microsoft][ODBC Driver 17 for SQL Server]Invalid connection string attribute (0); [08001] [Microsoft][ODBC Driver 17 for SQL Server]A network-related or instance-specific error has occurred while establishing a connection to SQL Server. Server is not found or not accessible. Check if instance name is correct and if SQL Server is configured to allow remote connections. For more information see SQL Server Books Online. (10061)')
(Background on this error at: https://sqlalche.me/e/20/e3q8)]
2025-01-12 06:14:15,671 - INFO - Started server process [6824]
2025-01-12 06:14:15,673 - INFO - Waiting for application startup.
2025-01-12 06:14:15,674 - INFO - Iniciando el Servicio
2025-01-12 06:14:15,674 - INFO - Modo Desarrollador activado [Para desabilitar el modo desarrollador cambie la variable 'DEBUG' en el archivo .env]
2025-01-12 06:14:15,674 - INFO - Comprobando conexion a Odoo
2025-01-12 06:14:15,674 - ERROR - Error de conexion con el sistema Odoo: [WinError 10061] No se puede establecer una conexión ya que el equipo de destino denegó expresamente dicha conexión
2025-01-12 06:14:15,674 - ERROR - Host_Odoo: [http://localhost:8069] - User_Odoo: [krlitosdev93@gmail.com] - Password_Odoo: [krlitos] - DB_Odoo: [prueba] 
2025-01-12 06:14:15,674 - INFO - Comprobando conexion a SQL_Server
2025-01-12 06:14:15,675 - INFO - Application startup complete.
2025-01-12 06:14:15,676 - INFO - Uvicorn running on http://0.0.0.0:8000 (Press CTRL+C to quit)
2025-01-12 06:50:42,096 - INFO - Shutting down
2025-01-12 06:50:42,208 - INFO - Waiting for application shutdown.
2025-01-12 06:50:42,208 - INFO - Finalizando el Servicio
2025-01-12 06:50:42,208 - INFO - Application shutdown complete.
2025-01-12 06:50:42,208 - INFO - Finished server process [6824]
